[10:16:27] [ServerMain/INFO]: [bootstrap] Running Java 21 (OpenJDK 64-Bit Server VM 21.0.9+10-LTS; Microsoft Microsoft-12574458) on Linux 6.14.0-37-generic (amd64)
[10:16:27] [ServerMain/INFO]: [bootstrap] Loading Paper 1.21.10-129-ver/1.21.10@3e25649 (2025-12-19T23:34:30Z) for Minecraft 1.21.10
[10:16:27] [ServerMain/INFO]: [PluginInitializerManager] Initializing plugins...
[10:16:28] [Paper Plugin Remapper Thread - 2/INFO]: [PluginRemapper] Remapping plugin '/home/mintiua/바탕화면/plugin/nationwar/build/libs/NationWar-1.4-HOTFIX.jar'...
[10:16:28] [Paper Plugin Remapper Thread - 2/INFO]: [PluginRemapper] Done remapping plugin '/home/mintiua/바탕화면/plugin/nationwar/build/libs/NationWar-1.4-HOTFIX.jar' in 384ms.
[10:16:28] [ServerMain/INFO]: [PluginInitializerManager] Initialized 2 plugins
[10:16:28] [ServerMain/INFO]: [PluginInitializerManager] Bukkit plugins (2):
 - CoreRader (1.1), NationWar (1.4-HOTFIX)
[10:16:31] [ServerMain/INFO]: Environment: Environment[sessionHost=https://sessionserver.mojang.com, servicesHost=https://api.minecraftservices.com, profilesHost=https://api.mojang.com, name=PROD]
[10:16:32] [ServerMain/INFO]: Loaded 1461 recipes
[10:16:32] [ServerMain/INFO]: Loaded 1574 advancements
[10:16:32] [ServerMain/INFO]: [ca.spottedleaf.dataconverter.minecraft.datatypes.MCTypeRegistry] Initialising converters for DataConverter...
[10:16:33] [ServerMain/INFO]: [ca.spottedleaf.dataconverter.minecraft.datatypes.MCTypeRegistry] Finished initialising converters for DataConverter in 312.1ms
[10:16:33] [Server thread/INFO]: Starting minecraft server version 1.21.10
[10:16:33] [Server thread/INFO]: Loading properties
[10:16:33] [Server thread/INFO]: This server is running Paper version 1.21.10-129-ver/1.21.10@3e25649 (2025-12-19T23:34:30Z) (Implementing API version 1.21.10-R0.1-SNAPSHOT)
[10:16:33] [Server thread/INFO]: [spark] This server bundles the spark profiler. For more information please visit https://docs.papermc.io/paper/profiling
[10:16:33] [Server thread/INFO]: Server Ping Player Sample Count: 12
[10:16:33] [Server thread/INFO]: Using 4 threads for Netty based IO
[10:16:34] [Server thread/INFO]: [MoonriseCommon] Paper is using 3 worker threads, 1 I/O threads
[10:16:34] [Server thread/INFO]: Default game type: SURVIVAL
[10:16:34] [Server thread/INFO]: Generating keypair
[10:16:34] [Server thread/INFO]: Starting Minecraft server on *:25575
[10:16:34] [Server thread/INFO]: Using epoll channel type
[10:16:34] [Server thread/INFO]: Paper: Using libdeflate (Linux x86_64) compression from Velocity.
[10:16:34] [Server thread/INFO]: Paper: Using OpenSSL 3.x.x (Linux x86_64) cipher from Velocity.
[10:16:34] [Server thread/INFO]: [NationWar] Loading server plugin NationWar v1.4-HOTFIX
[10:16:34] [Server thread/INFO]: [CoreRader] Loading server plugin CoreRader v1.1
[10:16:34] [Server thread/INFO]: Server permissions file permissions.yml is empty, ignoring it
[10:16:34] [Server thread/WARN]: **** SERVER IS RUNNING IN OFFLINE/INSECURE MODE!
[10:16:34] [Server thread/WARN]: The server will make no attempt to authenticate usernames. Beware.
[10:16:34] [Server thread/WARN]: While this makes the game possible to play without internet access, it also opens up the ability for hackers to connect with any username they choose.
[10:16:34] [Server thread/WARN]: To change this, set "online-mode" to "true" in the server.properties file.
[10:16:34] [Server thread/INFO]: Preparing level "world"
[10:16:34] [Server thread/INFO]: Loading 0 persistent chunks for world 'minecraft:overworld'...
[10:16:34] [Server thread/INFO]: Preparing spawn area: 100%
[10:16:34] [Server thread/INFO]: Prepared spawn area in 1 ms
[10:16:34] [Server thread/INFO]: Loading 0 persistent chunks for world 'minecraft:the_nether'...
[10:16:34] [Server thread/INFO]: Preparing spawn area: 100%
[10:16:34] [Server thread/INFO]: Prepared spawn area in 1 ms
[10:16:34] [Server thread/INFO]: Loading 0 persistent chunks for world 'minecraft:the_end'...
[10:16:34] [Server thread/INFO]: Prepared spawn area in 0 ms
[10:16:34] [Server thread/INFO]: Done preparing level "world" (0.274s)
[10:16:34] [Server thread/INFO]: [NationWar] Enabling NationWar v1.4-HOTFIX
[10:16:34] [Server thread/INFO]: [CoreRader] Enabling CoreRader v1.1
[10:16:34] [Server thread/INFO]: [spark] Starting background profiler...
[10:16:34] [Server thread/INFO]: Running delayed init tasks
[10:16:34] [Server thread/INFO]: Done (7.697s)! For help, type "help"
[10:17:22] [User Authenticator #0/INFO]: UUID of player Mintina_ is 26732914-27a4-34eb-8f21-7b8102e890c9
[10:17:23] [Server thread/INFO]: [ㄹㄹ] Mintina_ joined the game
[10:17:23] [Server thread/INFO]: Mintina_[/127.0.0.1:46552] logged in with entity id 47 at ([world]-16.164734979242972, 102.0, -25.30000001192093)
[10:18:22] [User Authenticator #0/INFO]: UUID of player test1 is 889dcaa5-928a-37e4-9220-e2da97df0d9b
[10:18:22] [Server thread/INFO]: [방랑자] test1 joined the game
[10:18:22] [Server thread/INFO]: test1[/127.0.0.1:58456] logged in with entity id 386 at ([world]-15.60956166353032, 102.0, -26.52514447984044)
[10:19:12] [Server thread/INFO]: [방랑자] test1 was slain by Spider
[10:19:12] [Server thread/INFO]: [ㄹㄹ] Mintina_ was slain by Spider
[10:19:31] [Server thread/INFO]: Mintina_ lost connection: Disconnected
[10:19:31] [Server thread/INFO]: [ㄹㄹ] Mintina_ was shot by Skeleton
[10:19:31] [Server thread/INFO]: ☠ Mintina_님이 전투 중 도망쳐 사망했습니다.
[10:19:31] [Server thread/INFO]: [ㄹㄹ] Mintina_ left the game
[10:19:50] [User Authenticator #1/INFO]: UUID of player Mintina_ is 26732914-27a4-34eb-8f21-7b8102e890c9
[10:19:50] [Server thread/INFO]: [ㄹㄹ] Mintina_ joined the game
[10:19:50] [Server thread/INFO]: Mintina_[/127.0.0.1:42240] logged in with entity id 567 at ([world]6.300000011920929, 104.0, 2.699999988079071)
[10:20:03] [Server thread/INFO]: [방랑자] test1 was slain by Zombie
[10:20:13] [Server thread/INFO]: Made Mintina_ a server operator
[10:20:14] [Async Chat Thread - #0/INFO]: [Not Secure] <[ㄹㄹ] Mintina_> e
[10:20:15] [Server thread/INFO]: [[ㄹㄹ] Mintina_: Set own game mode to Creative Mode]
[10:20:22] [Server thread/INFO]: [ㄹㄹ] Mintina_ has made the advancement [Monster Hunter]
[10:21:40] [Server thread/INFO]: Mintina_ issued server command: /difficulty peaceful
[10:21:40] [Server thread/INFO]: [[ㄹㄹ] Mintina_: The difficulty has been set to Peaceful]
[10:22:00] [Server thread/INFO]: test1 lost connection: Disconnected
[10:22:00] [Server thread/INFO]: [방랑자] test1 was slain by [ㄹㄹ] Mintina_
[10:22:00] [Server thread/INFO]: ☠ test1님이 전투 중 도망쳐 사망했습니다.
[10:22:00] [Server thread/INFO]: [방랑자] test1 left the game
[10:22:05] [User Authenticator #2/INFO]: UUID of player test1 is 889dcaa5-928a-37e4-9220-e2da97df0d9b
[10:22:05] [Server thread/INFO]: [방랑자] test1 joined the game
[10:22:05] [Server thread/INFO]: test1[/127.0.0.1:43502] logged in with entity id 867 at ([world]-41.99720430769505, 113.0, 41.30000001192093)
[10:22:15] [Server thread/INFO]: Mintina_ lost connection: Disconnected
[10:22:15] [Server thread/INFO]: [ㄹㄹ] Mintina_ died
[10:22:15] [Server thread/INFO]: ☠ Mintina_님이 전투 중 도망쳐 사망했습니다.
[10:22:16] [Server thread/INFO]: [ㄹㄹ] Mintina_ left the game
[10:22:17] [User Authenticator #2/INFO]: UUID of player Mintina_ is 26732914-27a4-34eb-8f21-7b8102e890c9
[10:22:17] [Server thread/INFO]: [ㄹㄹ] Mintina_ joined the game
[10:22:17] [Server thread/INFO]: Mintina_[/127.0.0.1:49260] logged in with entity id 879 at ([world]-1.9369321177311976, 119.0, 4.574210395954249)
[10:22:47] [Server thread/INFO]: test1 lost connection: Disconnected
[10:22:47] [Server thread/INFO]: [방랑자] test1 was slain by [ㄹㄹ] Mintina_
[10:22:47] [Server thread/INFO]: ☠ test1님이 전투 중 도망쳐 사망했습니다.
[10:22:47] [Server thread/INFO]: [방랑자] test1 left the game
[10:22:53] [User Authenticator #2/INFO]: UUID of player test1 is 889dcaa5-928a-37e4-9220-e2da97df0d9b
[10:22:53] [Server thread/INFO]: [방랑자] test1 joined the game
[10:22:53] [Server thread/INFO]: test1[/127.0.0.1:45876] logged in with entity id 892 at ([world]0.902929296585881, 119.0, 5.374085770348584)
[10:23:05] [Server thread/INFO]: Mintina_ issued server command: /팀
[10:23:10] [Server thread/INFO]: test1 issued server command: /팀 수락
[10:23:11] [Server thread/INFO]: test1 issued server command: /팀 수락
[10:23:13] [Server thread/INFO]: test1 issued server command: /팀 수락
[10:23:14] [Server thread/INFO]: test1 issued server command: /팀 수락
[10:23:16] [Server thread/INFO]: Mintina_ issued server command: /팀
[10:23:23] [Server thread/INFO]: Mintina_ issued server command: /팀
[10:23:29] [Server thread/INFO]: Mintina_ issued server command: /팀
[10:27:11] [Server thread/INFO]: Stopping the server
[10:27:11] [Server thread/INFO]: Stopping server
[10:27:11] [Server thread/INFO]: [CoreRader] Disabling CoreRader v1.1
[10:27:11] [Server thread/INFO]: [NationWar] Disabling NationWar v1.4-HOTFIX
[10:27:11] [Server thread/INFO]: [NationWar] NationWar 플러그인이 안전하게 종료되었습니다.
[10:27:11] [Server thread/INFO]: Saving players
[10:27:11] [Server thread/INFO]: Mintina_ lost connection: Server closed
[10:27:11] [Server thread/INFO]: Mintina_ left the game
[10:27:11] [Server thread/INFO]: test1 lost connection: Server closed
[10:27:11] [Server thread/INFO]: test1 left the game
[10:27:11] [Server thread/INFO]: Saving worlds
[10:27:11] [Server thread/INFO]: Saving chunks for level 'ServerLevel[world]'/minecraft:overworld
[10:27:11] [Server thread/INFO]: [ChunkHolderManager] Waiting 60s for chunk system to halt for world 'world'
[10:27:11] [Server thread/INFO]: [ChunkHolderManager] Halted chunk system for world 'world'
[10:27:11] [Server thread/INFO]: [ChunkHolderManager] Saving all chunkholders for world 'world'
[10:27:12] [Server thread/INFO]: [ChunkHolderManager] Saved 287 block chunks, 204 entity chunks, 0 poi chunks in world 'world' in 0.11s
[10:27:12] [Server thread/INFO]: [ChunkHolderManager] Waiting 60s for chunk I/O to halt for world 'world'
[10:27:12] [Server thread/INFO]: [ChunkHolderManager] Halted I/O scheduler for world 'world'
[10:27:12] [Server thread/INFO]: Saving chunks for level 'ServerLevel[world_nether]'/minecraft:the_nether
[10:27:12] [Server thread/INFO]: [ChunkHolderManager] Waiting 60s for chunk system to halt for world 'world_nether'
[10:27:12] [Server thread/INFO]: [ChunkHolderManager] Halted chunk system for world 'world_nether'
[10:27:12] [Server thread/INFO]: [ChunkHolderManager] Saving all chunkholders for world 'world_nether'
[10:27:12] [Server thread/INFO]: [ChunkHolderManager] Saved 0 block chunks, 0 entity chunks, 0 poi chunks in world 'world_nether' in 0.00s
[10:27:12] [Server thread/INFO]: [ChunkHolderManager] Waiting 60s for chunk I/O to halt for world 'world_nether'
[10:27:12] [Server thread/INFO]: [ChunkHolderManager] Halted I/O scheduler for world 'world_nether'
[10:27:12] [Server thread/INFO]: Saving chunks for level 'ServerLevel[world_the_end]'/minecraft:the_end
[10:27:12] [Server thread/INFO]: [ChunkHolderManager] Waiting 60s for chunk system to halt for world 'world_the_end'
[10:27:12] [Server thread/INFO]: [ChunkHolderManager] Halted chunk system for world 'world_the_end'
[10:27:12] [Server thread/INFO]: [ChunkHolderManager] Saving all chunkholders for world 'world_the_end'
[10:27:12] [Server thread/INFO]: [ChunkHolderManager] Saved 0 block chunks, 0 entity chunks, 0 poi chunks in world 'world_the_end' in 0.00s
[10:27:12] [Server thread/INFO]: [ChunkHolderManager] Waiting 60s for chunk I/O to halt for world 'world_the_end'
[10:27:12] [Server thread/INFO]: [ChunkHolderManager] Halted I/O scheduler for world 'world_the_end'
[10:27:12] [Server thread/INFO]: ThreadedAnvilChunkStorage (world): All chunks are saved
[10:27:12] [Server thread/INFO]: ThreadedAnvilChunkStorage (DIM-1): All chunks are saved
[10:27:12] [Server thread/INFO]: ThreadedAnvilChunkStorage (DIM1): All chunks are saved
[10:27:12] [Server thread/INFO]: ThreadedAnvilChunkStorage: All dimensions are saved
[10:27:12] [Server thread/INFO]: Waiting for all RegionFile I/O tasks to complete...
[10:27:12] [Server thread/INFO]: All RegionFile I/O tasks to complete
[10:27:12] [Server thread/INFO]: [MoonriseCommon] Awaiting termination of worker pool for up to 60s...
[10:27:12] [Server thread/INFO]: [MoonriseCommon] Awaiting termination of I/O pool for up to 60s...
